{"C:\\Users\\blend\\IdeaProjects\\online-flashcards\\frontend\\src\\context\\AuthContext.jsx": {"path":"C:\\Users\\blend\\IdeaProjects\\online-flashcards\\frontend\\src\\context\\AuthContext.jsx","statementMap":{"0":{"start":{"line":5,"column":6},"end":{"line":5,"column":null}},"1":{"start":{"line":7,"column":21},"end":{"line":76,"column":null}},"2":{"start":{"line":8,"column":22},"end":{"line":8,"column":null}},"3":{"start":{"line":9,"column":8},"end":{"line":9,"column":null}},"4":{"start":{"line":10,"column":8},"end":{"line":10,"column":null}},"5":{"start":{"line":12,"column":25},"end":{"line":15,"column":null}},"6":{"start":{"line":14,"column":4},"end":{"line":14,"column":null}},"7":{"start":{"line":17,"column":22},"end":{"line":34,"column":null}},"8":{"start":{"line":18,"column":21},"end":{"line":18,"column":null}},"9":{"start":{"line":19,"column":4},"end":{"line":21,"column":null}},"10":{"start":{"line":20,"column":6},"end":{"line":20,"column":null}},"11":{"start":{"line":23,"column":17},"end":{"line":23,"column":null}},"12":{"start":{"line":25,"column":4},"end":{"line":29,"column":null}},"13":{"start":{"line":30,"column":4},"end":{"line":30,"column":null}},"14":{"start":{"line":32,"column":4},"end":{"line":32,"column":null}},"15":{"start":{"line":33,"column":4},"end":{"line":33,"column":null}},"16":{"start":{"line":36,"column":23},"end":{"line":40,"column":null}},"17":{"start":{"line":37,"column":4},"end":{"line":37,"column":null}},"18":{"start":{"line":38,"column":4},"end":{"line":38,"column":null}},"19":{"start":{"line":39,"column":4},"end":{"line":39,"column":null}},"20":{"start":{"line":42,"column":26},"end":{"line":60,"column":null}},"21":{"start":{"line":43,"column":18},"end":{"line":43,"column":null}},"22":{"start":{"line":44,"column":4},"end":{"line":47,"column":null}},"23":{"start":{"line":45,"column":6},"end":{"line":45,"column":null}},"24":{"start":{"line":46,"column":6},"end":{"line":46,"column":null}},"25":{"start":{"line":48,"column":21},"end":{"line":48,"column":null}},"26":{"start":{"line":49,"column":4},"end":{"line":52,"column":null}},"27":{"start":{"line":50,"column":6},"end":{"line":50,"column":null}},"28":{"start":{"line":51,"column":6},"end":{"line":51,"column":null}},"29":{"start":{"line":53,"column":17},"end":{"line":53,"column":null}},"30":{"start":{"line":54,"column":4},"end":{"line":58,"column":null}},"31":{"start":{"line":59,"column":4},"end":{"line":59,"column":null}},"32":{"start":{"line":62,"column":2},"end":{"line":74,"column":null}}},"fnMap":{"0":{"name":"(anonymous_0)","decl":{"start":{"line":7,"column":21},"end":{"line":7,"column":22}},"loc":{"start":{"line":7,"column":39},"end":{"line":76,"column":null}},"line":7},"1":{"name":"(anonymous_1)","decl":{"start":{"line":12,"column":25},"end":{"line":12,"column":32}},"loc":{"start":{"line":12,"column":48},"end":{"line":15,"column":null}},"line":12},"2":{"name":"(anonymous_2)","decl":{"start":{"line":17,"column":22},"end":{"line":17,"column":29}},"loc":{"start":{"line":17,"column":45},"end":{"line":34,"column":null}},"line":17},"3":{"name":"(anonymous_3)","decl":{"start":{"line":36,"column":23},"end":{"line":36,"column":29}},"loc":{"start":{"line":36,"column":29},"end":{"line":40,"column":null}},"line":36},"4":{"name":"(anonymous_4)","decl":{"start":{"line":42,"column":26},"end":{"line":42,"column":38}},"loc":{"start":{"line":42,"column":38},"end":{"line":60,"column":null}},"line":42}},"branchMap":{"0":{"loc":{"start":{"line":19,"column":4},"end":{"line":21,"column":null}},"type":"if","locations":[{"start":{"line":19,"column":4},"end":{"line":21,"column":null}},{"start":{},"end":{}}],"line":19},"1":{"loc":{"start":{"line":44,"column":4},"end":{"line":47,"column":null}},"type":"if","locations":[{"start":{"line":44,"column":4},"end":{"line":47,"column":null}},{"start":{},"end":{}}],"line":44},"2":{"loc":{"start":{"line":49,"column":4},"end":{"line":52,"column":null}},"type":"if","locations":[{"start":{"line":49,"column":4},"end":{"line":52,"column":null}},{"start":{},"end":{}}],"line":49}},"s":{"0":1,"1":1,"2":10,"3":10,"4":10,"5":10,"6":0,"7":10,"8":1,"9":1,"10":0,"11":1,"12":1,"13":1,"14":1,"15":1,"16":10,"17":1,"18":1,"19":1,"20":10,"21":2,"22":2,"23":0,"24":0,"25":2,"26":2,"27":1,"28":1,"29":1,"30":1,"31":1,"32":10},"f":{"0":10,"1":0,"2":1,"3":1,"4":2},"b":{"0":[0,1],"1":[0,2],"2":[1,1]},"meta":{"lastBranch":3,"lastFunction":5,"lastStatement":33,"seen":{"s:5:6:5:Infinity":0,"s:7:21:76:Infinity":1,"f:7:21:7:22":0,"s:8:22:8:Infinity":2,"s:9:8:9:Infinity":3,"s:10:8:10:Infinity":4,"s:12:25:15:Infinity":5,"f:12:25:12:32":1,"s:14:4:14:Infinity":6,"s:17:22:34:Infinity":7,"f:17:22:17:29":2,"s:18:21:18:Infinity":8,"b:19:4:21:Infinity:undefined:undefined:undefined:undefined":0,"s:19:4:21:Infinity":9,"s:20:6:20:Infinity":10,"s:23:17:23:Infinity":11,"s:25:4:29:Infinity":12,"s:30:4:30:Infinity":13,"s:32:4:32:Infinity":14,"s:33:4:33:Infinity":15,"s:36:23:40:Infinity":16,"f:36:23:36:29":3,"s:37:4:37:Infinity":17,"s:38:4:38:Infinity":18,"s:39:4:39:Infinity":19,"s:42:26:60:Infinity":20,"f:42:26:42:38":4,"s:43:18:43:Infinity":21,"b:44:4:47:Infinity:undefined:undefined:undefined:undefined":1,"s:44:4:47:Infinity":22,"s:45:6:45:Infinity":23,"s:46:6:46:Infinity":24,"s:48:21:48:Infinity":25,"b:49:4:52:Infinity:undefined:undefined:undefined:undefined":2,"s:49:4:52:Infinity":26,"s:50:6:50:Infinity":27,"s:51:6:51:Infinity":28,"s:53:17:53:Infinity":29,"s:54:4:58:Infinity":30,"s:59:4:59:Infinity":31,"s:62:2:74:Infinity":32}}}
,"C:\\Users\\blend\\IdeaProjects\\online-flashcards\\frontend\\src\\context\\QuizContext.jsx": {"path":"C:\\Users\\blend\\IdeaProjects\\online-flashcards\\frontend\\src\\context\\QuizContext.jsx","statementMap":{"0":{"start":{"line":3,"column":6},"end":{"line":3,"column":null}},"1":{"start":{"line":5,"column":21},"end":{"line":353,"column":null}},"2":{"start":{"line":6,"column":36},"end":{"line":6,"column":null}},"3":{"start":{"line":7,"column":36},"end":{"line":7,"column":null}},"4":{"start":{"line":8,"column":28},"end":{"line":8,"column":null}},"5":{"start":{"line":9,"column":24},"end":{"line":9,"column":null}},"6":{"start":{"line":12,"column":46},"end":{"line":12,"column":null}},"7":{"start":{"line":13,"column":24},"end":{"line":13,"column":null}},"8":{"start":{"line":14,"column":30},"end":{"line":14,"column":null}},"9":{"start":{"line":15,"column":40},"end":{"line":15,"column":null}},"10":{"start":{"line":16,"column":34},"end":{"line":16,"column":null}},"11":{"start":{"line":22,"column":20},"end":{"line":227,"column":null}},"12":{"start":{"line":23,"column":4},"end":{"line":23,"column":null}},"13":{"start":{"line":24,"column":4},"end":{"line":24,"column":null}},"14":{"start":{"line":25,"column":4},"end":{"line":226,"column":null}},"15":{"start":{"line":27,"column":29},"end":{"line":209,"column":null}},"16":{"start":{"line":211,"column":23},"end":{"line":211,"column":null}},"17":{"start":{"line":211,"column":50},"end":{"line":211,"column":73}},"18":{"start":{"line":213,"column":6},"end":{"line":215,"column":null}},"19":{"start":{"line":214,"column":8},"end":{"line":214,"column":null}},"20":{"start":{"line":217,"column":6},"end":{"line":217,"column":null}},"21":{"start":{"line":218,"column":6},"end":{"line":218,"column":null}},"22":{"start":{"line":219,"column":6},"end":{"line":219,"column":null}},"23":{"start":{"line":221,"column":6},"end":{"line":221,"column":null}},"24":{"start":{"line":222,"column":6},"end":{"line":222,"column":null}},"25":{"start":{"line":223,"column":6},"end":{"line":223,"column":null}},"26":{"start":{"line":225,"column":6},"end":{"line":225,"column":null}},"27":{"start":{"line":234,"column":26},"end":{"line":249,"column":null}},"28":{"start":{"line":235,"column":4},"end":{"line":248,"column":null}},"29":{"start":{"line":237,"column":25},"end":{"line":241,"column":null}},"30":{"start":{"line":243,"column":6},"end":{"line":243,"column":null}},"31":{"start":{"line":243,"column":31},"end":{"line":243,"column":52}},"32":{"start":{"line":244,"column":6},"end":{"line":244,"column":null}},"33":{"start":{"line":246,"column":6},"end":{"line":246,"column":null}},"34":{"start":{"line":247,"column":6},"end":{"line":247,"column":null}},"35":{"start":{"line":255,"column":25},"end":{"line":258,"column":null}},"36":{"start":{"line":256,"column":4},"end":{"line":256,"column":null}},"37":{"start":{"line":256,"column":22},"end":{"line":256,"column":null}},"38":{"start":{"line":257,"column":4},"end":{"line":257,"column":null}},"39":{"start":{"line":264,"column":22},"end":{"line":271,"column":null}},"40":{"start":{"line":265,"column":4},"end":{"line":265,"column":null}},"41":{"start":{"line":265,"column":22},"end":{"line":265,"column":null}},"42":{"start":{"line":266,"column":4},"end":{"line":266,"column":null}},"43":{"start":{"line":266,"column":64},"end":{"line":266,"column":null}},"44":{"start":{"line":267,"column":22},"end":{"line":267,"column":null}},"45":{"start":{"line":268,"column":4},"end":{"line":268,"column":null}},"46":{"start":{"line":269,"column":4},"end":{"line":269,"column":null}},"47":{"start":{"line":270,"column":4},"end":{"line":270,"column":null}},"48":{"start":{"line":277,"column":26},"end":{"line":284,"column":null}},"49":{"start":{"line":278,"column":4},"end":{"line":278,"column":null}},"50":{"start":{"line":278,"column":22},"end":{"line":278,"column":null}},"51":{"start":{"line":279,"column":4},"end":{"line":279,"column":null}},"52":{"start":{"line":279,"column":32},"end":{"line":279,"column":null}},"53":{"start":{"line":280,"column":22},"end":{"line":280,"column":null}},"54":{"start":{"line":281,"column":4},"end":{"line":281,"column":null}},"55":{"start":{"line":282,"column":4},"end":{"line":282,"column":null}},"56":{"start":{"line":283,"column":4},"end":{"line":283,"column":null}},"57":{"start":{"line":290,"column":22},"end":{"line":293,"column":null}},"58":{"start":{"line":291,"column":4},"end":{"line":291,"column":null}},"59":{"start":{"line":291,"column":22},"end":{"line":291,"column":null}},"60":{"start":{"line":292,"column":4},"end":{"line":292,"column":null}},"61":{"start":{"line":295,"column":26},"end":{"line":303,"column":null}},"62":{"start":{"line":296,"column":4},"end":{"line":296,"column":null}},"63":{"start":{"line":296,"column":20},"end":{"line":296,"column":null}},"64":{"start":{"line":297,"column":4},"end":{"line":299,"column":null}},"65":{"start":{"line":298,"column":6},"end":{"line":298,"column":null}},"66":{"start":{"line":298,"column":25},"end":{"line":298,"column":33}},"67":{"start":{"line":300,"column":4},"end":{"line":300,"column":null}},"68":{"start":{"line":300,"column":31},"end":{"line":300,"column":58}},"69":{"start":{"line":301,"column":4},"end":{"line":301,"column":null}},"70":{"start":{"line":302,"column":4},"end":{"line":302,"column":null}},"71":{"start":{"line":308,"column":20},"end":{"line":312,"column":null}},"72":{"start":{"line":309,"column":4},"end":{"line":309,"column":null}},"73":{"start":{"line":310,"column":4},"end":{"line":310,"column":null}},"74":{"start":{"line":311,"column":4},"end":{"line":311,"column":null}},"75":{"start":{"line":317,"column":25},"end":{"line":323,"column":null}},"76":{"start":{"line":318,"column":4},"end":{"line":318,"column":null}},"77":{"start":{"line":319,"column":4},"end":{"line":319,"column":null}},"78":{"start":{"line":320,"column":4},"end":{"line":320,"column":null}},"79":{"start":{"line":321,"column":4},"end":{"line":321,"column":null}},"80":{"start":{"line":322,"column":4},"end":{"line":322,"column":null}},"81":{"start":{"line":325,"column":2},"end":{"line":351,"column":null}}},"fnMap":{"0":{"name":"(anonymous_0)","decl":{"start":{"line":5,"column":21},"end":{"line":5,"column":22}},"loc":{"start":{"line":5,"column":39},"end":{"line":353,"column":null}},"line":5},"1":{"name":"(anonymous_1)","decl":{"start":{"line":22,"column":20},"end":{"line":22,"column":27}},"loc":{"start":{"line":22,"column":38},"end":{"line":227,"column":null}},"line":22},"2":{"name":"(anonymous_2)","decl":{"start":{"line":211,"column":43},"end":{"line":211,"column":44}},"loc":{"start":{"line":211,"column":50},"end":{"line":211,"column":73}},"line":211},"3":{"name":"(anonymous_3)","decl":{"start":{"line":234,"column":26},"end":{"line":234,"column":33}},"loc":{"start":{"line":234,"column":51},"end":{"line":249,"column":null}},"line":234},"4":{"name":"(anonymous_4)","decl":{"start":{"line":243,"column":21},"end":{"line":243,"column":22}},"loc":{"start":{"line":243,"column":31},"end":{"line":243,"column":52}},"line":243},"5":{"name":"(anonymous_5)","decl":{"start":{"line":255,"column":25},"end":{"line":255,"column":31}},"loc":{"start":{"line":255,"column":31},"end":{"line":258,"column":null}},"line":255},"6":{"name":"(anonymous_6)","decl":{"start":{"line":264,"column":22},"end":{"line":264,"column":28}},"loc":{"start":{"line":264,"column":28},"end":{"line":271,"column":null}},"line":264},"7":{"name":"(anonymous_7)","decl":{"start":{"line":277,"column":26},"end":{"line":277,"column":32}},"loc":{"start":{"line":277,"column":32},"end":{"line":284,"column":null}},"line":277},"8":{"name":"(anonymous_8)","decl":{"start":{"line":290,"column":22},"end":{"line":290,"column":28}},"loc":{"start":{"line":290,"column":28},"end":{"line":293,"column":null}},"line":290},"9":{"name":"(anonymous_9)","decl":{"start":{"line":295,"column":26},"end":{"line":295,"column":27}},"loc":{"start":{"line":295,"column":41},"end":{"line":303,"column":null}},"line":295},"10":{"name":"(anonymous_10)","decl":{"start":{"line":298,"column":15},"end":{"line":298,"column":16}},"loc":{"start":{"line":298,"column":25},"end":{"line":298,"column":33}},"line":298},"11":{"name":"(anonymous_11)","decl":{"start":{"line":300,"column":21},"end":{"line":300,"column":22}},"loc":{"start":{"line":300,"column":31},"end":{"line":300,"column":58}},"line":300},"12":{"name":"(anonymous_12)","decl":{"start":{"line":308,"column":20},"end":{"line":308,"column":26}},"loc":{"start":{"line":308,"column":26},"end":{"line":312,"column":null}},"line":308},"13":{"name":"(anonymous_13)","decl":{"start":{"line":317,"column":25},"end":{"line":317,"column":31}},"loc":{"start":{"line":317,"column":31},"end":{"line":323,"column":null}},"line":317}},"branchMap":{"0":{"loc":{"start":{"line":213,"column":6},"end":{"line":215,"column":null}},"type":"if","locations":[{"start":{"line":213,"column":6},"end":{"line":215,"column":null}},{"start":{},"end":{}}],"line":213},"1":{"loc":{"start":{"line":218,"column":21},"end":{"line":218,"column":43}},"type":"binary-expr","locations":[{"start":{"line":218,"column":21},"end":{"line":218,"column":41}},{"start":{"line":218,"column":41},"end":{"line":218,"column":43}}],"line":218},"2":{"loc":{"start":{"line":256,"column":4},"end":{"line":256,"column":null}},"type":"if","locations":[{"start":{"line":256,"column":4},"end":{"line":256,"column":null}},{"start":{},"end":{}}],"line":256},"3":{"loc":{"start":{"line":265,"column":4},"end":{"line":265,"column":null}},"type":"if","locations":[{"start":{"line":265,"column":4},"end":{"line":265,"column":null}},{"start":{},"end":{}}],"line":265},"4":{"loc":{"start":{"line":266,"column":4},"end":{"line":266,"column":null}},"type":"if","locations":[{"start":{"line":266,"column":4},"end":{"line":266,"column":null}},{"start":{},"end":{}}],"line":266},"5":{"loc":{"start":{"line":278,"column":4},"end":{"line":278,"column":null}},"type":"if","locations":[{"start":{"line":278,"column":4},"end":{"line":278,"column":null}},{"start":{},"end":{}}],"line":278},"6":{"loc":{"start":{"line":279,"column":4},"end":{"line":279,"column":null}},"type":"if","locations":[{"start":{"line":279,"column":4},"end":{"line":279,"column":null}},{"start":{},"end":{}}],"line":279},"7":{"loc":{"start":{"line":291,"column":4},"end":{"line":291,"column":null}},"type":"if","locations":[{"start":{"line":291,"column":4},"end":{"line":291,"column":null}},{"start":{},"end":{}}],"line":291},"8":{"loc":{"start":{"line":296,"column":4},"end":{"line":296,"column":null}},"type":"if","locations":[{"start":{"line":296,"column":4},"end":{"line":296,"column":null}},{"start":{},"end":{}}],"line":296},"9":{"loc":{"start":{"line":297,"column":4},"end":{"line":299,"column":null}},"type":"if","locations":[{"start":{"line":297,"column":4},"end":{"line":299,"column":null}},{"start":{},"end":{}}],"line":297}},"s":{"0":1,"1":1,"2":72,"3":72,"4":72,"5":72,"6":72,"7":72,"8":72,"9":72,"10":72,"11":72,"12":19,"13":19,"14":19,"15":19,"16":19,"17":39,"18":19,"19":1,"20":18,"21":18,"22":19,"23":1,"24":1,"25":1,"26":19,"27":72,"28":1,"29":1,"30":1,"31":1,"32":1,"33":0,"34":0,"35":72,"36":2,"37":1,"38":1,"39":72,"40":17,"41":0,"42":17,"43":1,"44":16,"45":16,"46":16,"47":16,"48":72,"49":3,"50":0,"51":3,"52":1,"53":2,"54":2,"55":2,"56":2,"57":72,"58":13,"59":0,"60":13,"61":72,"62":10,"63":1,"64":9,"65":7,"66":7,"67":9,"68":9,"69":9,"70":9,"71":72,"72":1,"73":1,"74":1,"75":72,"76":1,"77":1,"78":1,"79":1,"80":1,"81":72},"f":{"0":72,"1":19,"2":39,"3":1,"4":1,"5":2,"6":17,"7":3,"8":13,"9":10,"10":7,"11":9,"12":1,"13":1},"b":{"0":[1,18],"1":[18,0],"2":[1,1],"3":[0,17],"4":[1,16],"5":[0,3],"6":[1,2],"7":[0,13],"8":[1,9],"9":[7,2]},"meta":{"lastBranch":10,"lastFunction":14,"lastStatement":82,"seen":{"s:3:6:3:Infinity":0,"s:5:21:353:Infinity":1,"f:5:21:5:22":0,"s:6:36:6:Infinity":2,"s:7:36:7:Infinity":3,"s:8:28:8:Infinity":4,"s:9:24:9:Infinity":5,"s:12:46:12:Infinity":6,"s:13:24:13:Infinity":7,"s:14:30:14:Infinity":8,"s:15:40:15:Infinity":9,"s:16:34:16:Infinity":10,"s:22:20:227:Infinity":11,"f:22:20:22:27":1,"s:23:4:23:Infinity":12,"s:24:4:24:Infinity":13,"s:25:4:226:Infinity":14,"s:27:29:209:Infinity":15,"s:211:23:211:Infinity":16,"f:211:43:211:44":2,"s:211:50:211:73":17,"b:213:6:215:Infinity:undefined:undefined:undefined:undefined":0,"s:213:6:215:Infinity":18,"s:214:8:214:Infinity":19,"s:217:6:217:Infinity":20,"s:218:6:218:Infinity":21,"b:218:21:218:41:218:41:218:43":1,"s:219:6:219:Infinity":22,"s:221:6:221:Infinity":23,"s:222:6:222:Infinity":24,"s:223:6:223:Infinity":25,"s:225:6:225:Infinity":26,"s:234:26:249:Infinity":27,"f:234:26:234:33":3,"s:235:4:248:Infinity":28,"s:237:25:241:Infinity":29,"s:243:6:243:Infinity":30,"f:243:21:243:22":4,"s:243:31:243:52":31,"s:244:6:244:Infinity":32,"s:246:6:246:Infinity":33,"s:247:6:247:Infinity":34,"s:255:25:258:Infinity":35,"f:255:25:255:31":5,"b:256:4:256:Infinity:undefined:undefined:undefined:undefined":2,"s:256:4:256:Infinity":36,"s:256:22:256:Infinity":37,"s:257:4:257:Infinity":38,"s:264:22:271:Infinity":39,"f:264:22:264:28":6,"b:265:4:265:Infinity:undefined:undefined:undefined:undefined":3,"s:265:4:265:Infinity":40,"s:265:22:265:Infinity":41,"b:266:4:266:Infinity:undefined:undefined:undefined:undefined":4,"s:266:4:266:Infinity":42,"s:266:64:266:Infinity":43,"s:267:22:267:Infinity":44,"s:268:4:268:Infinity":45,"s:269:4:269:Infinity":46,"s:270:4:270:Infinity":47,"s:277:26:284:Infinity":48,"f:277:26:277:32":7,"b:278:4:278:Infinity:undefined:undefined:undefined:undefined":5,"s:278:4:278:Infinity":49,"s:278:22:278:Infinity":50,"b:279:4:279:Infinity:undefined:undefined:undefined:undefined":6,"s:279:4:279:Infinity":51,"s:279:32:279:Infinity":52,"s:280:22:280:Infinity":53,"s:281:4:281:Infinity":54,"s:282:4:282:Infinity":55,"s:283:4:283:Infinity":56,"s:290:22:293:Infinity":57,"f:290:22:290:28":8,"b:291:4:291:Infinity:undefined:undefined:undefined:undefined":7,"s:291:4:291:Infinity":58,"s:291:22:291:Infinity":59,"s:292:4:292:Infinity":60,"s:295:26:303:Infinity":61,"f:295:26:295:27":9,"b:296:4:296:Infinity:undefined:undefined:undefined:undefined":8,"s:296:4:296:Infinity":62,"s:296:20:296:Infinity":63,"b:297:4:299:Infinity:undefined:undefined:undefined:undefined":9,"s:297:4:299:Infinity":64,"s:298:6:298:Infinity":65,"f:298:15:298:16":10,"s:298:25:298:33":66,"s:300:4:300:Infinity":67,"f:300:21:300:22":11,"s:300:31:300:58":68,"s:301:4:301:Infinity":69,"s:302:4:302:Infinity":70,"s:308:20:312:Infinity":71,"f:308:20:308:26":12,"s:309:4:309:Infinity":72,"s:310:4:310:Infinity":73,"s:311:4:311:Infinity":74,"s:317:25:323:Infinity":75,"f:317:25:317:31":13,"s:318:4:318:Infinity":76,"s:319:4:319:Infinity":77,"s:320:4:320:Infinity":78,"s:321:4:321:Infinity":79,"s:322:4:322:Infinity":80,"s:325:2:351:Infinity":81}}}
,"C:\\Users\\blend\\IdeaProjects\\online-flashcards\\frontend\\src\\hooks\\useAuth.js": {"path":"C:\\Users\\blend\\IdeaProjects\\online-flashcards\\frontend\\src\\hooks\\useAuth.js","statementMap":{"0":{"start":{"line":4,"column":16},"end":{"line":10,"column":1}},"1":{"start":{"line":5,"column":17},"end":{"line":5,"column":41}},"2":{"start":{"line":6,"column":2},"end":{"line":8,"column":3}},"3":{"start":{"line":7,"column":4},"end":{"line":7,"column":67}},"4":{"start":{"line":9,"column":2},"end":{"line":9,"column":17}}},"fnMap":{"0":{"name":"(anonymous_0)","decl":{"start":{"line":4,"column":16},"end":{"line":4,"column":17}},"loc":{"start":{"line":4,"column":22},"end":{"line":10,"column":1}},"line":4}},"branchMap":{"0":{"loc":{"start":{"line":6,"column":2},"end":{"line":8,"column":3}},"type":"if","locations":[{"start":{"line":6,"column":2},"end":{"line":8,"column":3}},{"start":{},"end":{}}],"line":6}},"s":{"0":0,"1":0,"2":0,"3":0,"4":0},"f":{"0":0},"b":{"0":[0,0]},"meta":{"lastBranch":1,"lastFunction":1,"lastStatement":5,"seen":{"s:4:16:10:1":0,"f:4:16:4:17":0,"s:5:17:5:41":1,"b:6:2:8:3:undefined:undefined:undefined:undefined":0,"s:6:2:8:3":2,"s:7:4:7:67":3,"s:9:2:9:17":4}}}
,"C:\\Users\\blend\\IdeaProjects\\online-flashcards\\frontend\\src\\hooks\\useQuizContext.js": {"path":"C:\\Users\\blend\\IdeaProjects\\online-flashcards\\frontend\\src\\hooks\\useQuizContext.js","statementMap":{"0":{"start":{"line":7,"column":30},"end":{"line":15,"column":1}},"1":{"start":{"line":8,"column":17},"end":{"line":8,"column":41}},"2":{"start":{"line":10,"column":2},"end":{"line":12,"column":3}},"3":{"start":{"line":11,"column":4},"end":{"line":11,"column":73}},"4":{"start":{"line":14,"column":2},"end":{"line":14,"column":17}}},"fnMap":{"0":{"name":"(anonymous_0)","decl":{"start":{"line":7,"column":30},"end":{"line":7,"column":31}},"loc":{"start":{"line":7,"column":36},"end":{"line":15,"column":1}},"line":7}},"branchMap":{"0":{"loc":{"start":{"line":10,"column":2},"end":{"line":12,"column":3}},"type":"if","locations":[{"start":{"line":10,"column":2},"end":{"line":12,"column":3}},{"start":{},"end":{}}],"line":10}},"s":{"0":0,"1":0,"2":0,"3":0,"4":0},"f":{"0":0},"b":{"0":[0,0]},"meta":{"lastBranch":1,"lastFunction":1,"lastStatement":5,"seen":{"s:7:30:15:1":0,"f:7:30:7:31":0,"s:8:17:8:41":1,"b:10:2:12:3:undefined:undefined:undefined:undefined":0,"s:10:2:12:3":2,"s:11:4:11:73":3,"s:14:2:14:17":4}}}
,"C:\\Users\\blend\\IdeaProjects\\online-flashcards\\frontend\\src\\hooks\\useQuizSearch.js": {"path":"C:\\Users\\blend\\IdeaProjects\\online-flashcards\\frontend\\src\\hooks\\useQuizSearch.js","statementMap":{"0":{"start":{"line":4,"column":23},"end":{"line":50,"column":1}},"1":{"start":{"line":53,"column":22},"end":{"line":53,"column":49}},"2":{"start":{"line":54,"column":26},"end":{"line":54,"column":57}},"3":{"start":{"line":55,"column":31},"end":{"line":55,"column":56}},"4":{"start":{"line":56,"column":35},"end":{"line":56,"column":51}},"5":{"start":{"line":58,"column":25},"end":{"line":64,"column":3}},"6":{"start":{"line":59,"column":4},"end":{"line":63,"column":5}},"7":{"start":{"line":60,"column":6},"end":{"line":60,"column":36}},"8":{"start":{"line":62,"column":6},"end":{"line":62,"column":26}},"9":{"start":{"line":67,"column":1},"end":{"line":81,"column":23}},"10":{"start":{"line":69,"column":4},"end":{"line":80,"column":5}},"11":{"start":{"line":70,"column":6},"end":{"line":70,"column":33}},"12":{"start":{"line":72,"column":20},"end":{"line":72,"column":48}},"13":{"start":{"line":73,"column":6},"end":{"line":79,"column":8}},"14":{"start":{"line":76,"column":12},"end":{"line":77,"column":58}},"15":{"start":{"line":83,"column":2},"end":{"line":88,"column":4}}},"fnMap":{"0":{"name":"useQuizSearch","decl":{"start":{"line":52,"column":16},"end":{"line":52,"column":29}},"loc":{"start":{"line":52,"column":61},"end":{"line":89,"column":1}},"line":52},"1":{"name":"(anonymous_1)","decl":{"start":{"line":58,"column":25},"end":{"line":58,"column":26}},"loc":{"start":{"line":58,"column":36},"end":{"line":64,"column":3}},"line":58},"2":{"name":"(anonymous_2)","decl":{"start":{"line":67,"column":12},"end":{"line":67,"column":13}},"loc":{"start":{"line":67,"column":18},"end":{"line":81,"column":3}},"line":67},"3":{"name":"(anonymous_3)","decl":{"start":{"line":75,"column":10},"end":{"line":75,"column":11}},"loc":{"start":{"line":76,"column":12},"end":{"line":77,"column":58}},"line":76}},"branchMap":{"0":{"loc":{"start":{"line":53,"column":22},"end":{"line":53,"column":49}},"type":"binary-expr","locations":[{"start":{"line":53,"column":22},"end":{"line":53,"column":43}},{"start":{"line":53,"column":47},"end":{"line":53,"column":49}}],"line":53},"1":{"loc":{"start":{"line":59,"column":4},"end":{"line":63,"column":5}},"type":"if","locations":[{"start":{"line":59,"column":4},"end":{"line":63,"column":5}},{"start":{"line":61,"column":11},"end":{"line":63,"column":5}}],"line":59},"2":{"loc":{"start":{"line":69,"column":4},"end":{"line":80,"column":5}},"type":"if","locations":[{"start":{"line":69,"column":4},"end":{"line":80,"column":5}},{"start":{"line":71,"column":11},"end":{"line":80,"column":5}}],"line":69},"3":{"loc":{"start":{"line":76,"column":12},"end":{"line":77,"column":58}},"type":"binary-expr","locations":[{"start":{"line":76,"column":12},"end":{"line":76,"column":52}},{"start":{"line":77,"column":12},"end":{"line":77,"column":58}}],"line":76}},"s":{"0":0,"1":0,"2":0,"3":0,"4":0,"5":0,"6":0,"7":0,"8":0,"9":0,"10":0,"11":0,"12":0,"13":0,"14":0,"15":0},"f":{"0":0,"1":0,"2":0,"3":0},"b":{"0":[0,0],"1":[0,0],"2":[0,0],"3":[0,0]},"meta":{"lastBranch":4,"lastFunction":4,"lastStatement":16,"seen":{"s:4:23:50:1":0,"f:52:16:52:29":0,"s:53:22:53:49":1,"b:53:22:53:43:53:47:53:49":0,"s:54:26:54:57":2,"s:55:31:55:56":3,"s:56:35:56:51":4,"s:58:25:64:3":5,"f:58:25:58:26":1,"b:59:4:63:5:61:11:63:5":1,"s:59:4:63:5":6,"s:60:6:60:36":7,"s:62:6:62:26":8,"s:67:1:81:23":9,"f:67:12:67:13":2,"b:69:4:80:5:71:11:80:5":2,"s:69:4:80:5":10,"s:70:6:70:33":11,"s:72:20:72:48":12,"s:73:6:79:8":13,"f:75:10:75:11":3,"s:76:12:77:58":14,"b:76:12:76:52:77:12:77:58":3,"s:83:2:88:4":15}}}
,"C:\\Users\\blend\\IdeaProjects\\online-flashcards\\frontend\\src\\lib\\fetchData.js": {"path":"C:\\Users\\blend\\IdeaProjects\\online-flashcards\\frontend\\src\\lib\\fetchData.js","statementMap":{"0":{"start":{"line":2,"column":17},"end":{"line":2,"column":26}},"1":{"start":{"line":11,"column":2},"end":{"line":32,"column":3}},"2":{"start":{"line":12,"column":16},"end":{"line":12,"column":41}},"3":{"start":{"line":13,"column":21},"end":{"line":19,"column":6}},"4":{"start":{"line":20,"column":17},"end":{"line":20,"column":38}},"5":{"start":{"line":21,"column":4},"end":{"line":27,"column":5}},"6":{"start":{"line":22,"column":6},"end":{"line":26,"column":8}},"7":{"start":{"line":28,"column":4},"end":{"line":28,"column":35}},"8":{"start":{"line":30,"column":4},"end":{"line":30,"column":50}},"9":{"start":{"line":31,"column":4},"end":{"line":31,"column":52}}},"fnMap":{"0":{"name":"fetchData","decl":{"start":{"line":10,"column":22},"end":{"line":10,"column":31}},"loc":{"start":{"line":10,"column":56},"end":{"line":33,"column":1}},"line":10}},"branchMap":{"0":{"loc":{"start":{"line":10,"column":42},"end":{"line":10,"column":54}},"type":"default-arg","locations":[{"start":{"line":10,"column":52},"end":{"line":10,"column":54}}],"line":10},"1":{"loc":{"start":{"line":21,"column":4},"end":{"line":27,"column":5}},"type":"if","locations":[{"start":{"line":21,"column":4},"end":{"line":27,"column":5}},{"start":{},"end":{}}],"line":21},"2":{"loc":{"start":{"line":21,"column":8},"end":{"line":21,"column":37}},"type":"binary-expr","locations":[{"start":{"line":21,"column":8},"end":{"line":21,"column":20}},{"start":{"line":21,"column":24},"end":{"line":21,"column":37}}],"line":21},"3":{"loc":{"start":{"line":24,"column":15},"end":{"line":24,"column":54}},"type":"binary-expr","locations":[{"start":{"line":24,"column":15},"end":{"line":24,"column":34}},{"start":{"line":24,"column":38},"end":{"line":24,"column":54}}],"line":24}},"s":{"0":1,"1":5,"2":5,"3":5,"4":4,"5":4,"6":2,"7":2,"8":1,"9":1},"f":{"0":5},"b":{"0":[5],"1":[2,2],"2":[4,2],"3":[2,0]},"meta":{"lastBranch":4,"lastFunction":1,"lastStatement":10,"seen":{"s:2:17:2:26":0,"f:10:22:10:31":0,"b:10:52:10:54":0,"s:11:2:32:3":1,"s:12:16:12:41":2,"s:13:21:19:6":3,"s:20:17:20:38":4,"b:21:4:27:5:undefined:undefined:undefined:undefined":1,"s:21:4:27:5":5,"b:21:8:21:20:21:24:21:37":2,"s:22:6:26:8":6,"b:24:15:24:34:24:38:24:54":3,"s:28:4:28:35":7,"s:30:4:30:50":8,"s:31:4:31:52":9}}}
,"C:\\Users\\blend\\IdeaProjects\\online-flashcards\\frontend\\src\\lib\\utils.js": {"path":"C:\\Users\\blend\\IdeaProjects\\online-flashcards\\frontend\\src\\lib\\utils.js","statementMap":{"0":{"start":{"line":5,"column":2},"end":{"line":5,"column":31}}},"fnMap":{"0":{"name":"cn","decl":{"start":{"line":4,"column":16},"end":{"line":4,"column":18}},"loc":{"start":{"line":4,"column":30},"end":{"line":6,"column":1}},"line":4}},"branchMap":{},"s":{"0":0},"f":{"0":0},"b":{},"meta":{"lastBranch":0,"lastFunction":1,"lastStatement":1,"seen":{"f:4:16:4:18":0,"s:5:2:5:31":0}}}
}
