{"C:\\Users\\blend\\IdeaProjects\\online-flashcards\\frontend\\src\\context\\AuthContext.jsx": {"path":"C:\\Users\\blend\\IdeaProjects\\online-flashcards\\frontend\\src\\context\\AuthContext.jsx","statementMap":{"0":{"start":{"line":5,"column":6},"end":{"line":5,"column":null}},"1":{"start":{"line":7,"column":21},"end":{"line":100,"column":null}},"2":{"start":{"line":8,"column":22},"end":{"line":8,"column":null}},"3":{"start":{"line":9,"column":32},"end":{"line":9,"column":null}},"4":{"start":{"line":10,"column":24},"end":{"line":10,"column":null}},"5":{"start":{"line":11,"column":8},"end":{"line":11,"column":null}},"6":{"start":{"line":12,"column":8},"end":{"line":12,"column":null}},"7":{"start":{"line":14,"column":25},"end":{"line":32,"column":null}},"8":{"start":{"line":15,"column":4},"end":{"line":15,"column":null}},"9":{"start":{"line":16,"column":4},"end":{"line":16,"column":null}},"10":{"start":{"line":17,"column":21},"end":{"line":17,"column":null}},"11":{"start":{"line":18,"column":4},"end":{"line":18,"column":null}},"12":{"start":{"line":19,"column":4},"end":{"line":22,"column":null}},"13":{"start":{"line":20,"column":6},"end":{"line":20,"column":null}},"14":{"start":{"line":21,"column":6},"end":{"line":21,"column":null}},"15":{"start":{"line":23,"column":17},"end":{"line":23,"column":null}},"16":{"start":{"line":24,"column":4},"end":{"line":28,"column":null}},"17":{"start":{"line":29,"column":4},"end":{"line":29,"column":null}},"18":{"start":{"line":30,"column":4},"end":{"line":30,"column":null}},"19":{"start":{"line":31,"column":4},"end":{"line":31,"column":null}},"20":{"start":{"line":34,"column":22},"end":{"line":55,"column":null}},"21":{"start":{"line":35,"column":4},"end":{"line":35,"column":null}},"22":{"start":{"line":36,"column":4},"end":{"line":36,"column":null}},"23":{"start":{"line":37,"column":21},"end":{"line":37,"column":null}},"24":{"start":{"line":38,"column":4},"end":{"line":38,"column":null}},"25":{"start":{"line":39,"column":4},"end":{"line":42,"column":null}},"26":{"start":{"line":40,"column":6},"end":{"line":40,"column":null}},"27":{"start":{"line":41,"column":6},"end":{"line":41,"column":null}},"28":{"start":{"line":44,"column":17},"end":{"line":44,"column":null}},"29":{"start":{"line":46,"column":4},"end":{"line":50,"column":null}},"30":{"start":{"line":51,"column":4},"end":{"line":51,"column":null}},"31":{"start":{"line":53,"column":4},"end":{"line":53,"column":null}},"32":{"start":{"line":54,"column":4},"end":{"line":54,"column":null}},"33":{"start":{"line":57,"column":23},"end":{"line":61,"column":null}},"34":{"start":{"line":58,"column":4},"end":{"line":58,"column":null}},"35":{"start":{"line":59,"column":4},"end":{"line":59,"column":null}},"36":{"start":{"line":60,"column":4},"end":{"line":60,"column":null}},"37":{"start":{"line":63,"column":26},"end":{"line":82,"column":null}},"38":{"start":{"line":64,"column":18},"end":{"line":64,"column":null}},"39":{"start":{"line":65,"column":4},"end":{"line":68,"column":null}},"40":{"start":{"line":66,"column":6},"end":{"line":66,"column":null}},"41":{"start":{"line":67,"column":6},"end":{"line":67,"column":null}},"42":{"start":{"line":69,"column":21},"end":{"line":69,"column":null}},"43":{"start":{"line":70,"column":4},"end":{"line":74,"column":null}},"44":{"start":{"line":71,"column":6},"end":{"line":71,"column":null}},"45":{"start":{"line":72,"column":6},"end":{"line":72,"column":null}},"46":{"start":{"line":73,"column":6},"end":{"line":73,"column":null}},"47":{"start":{"line":75,"column":17},"end":{"line":75,"column":null}},"48":{"start":{"line":76,"column":4},"end":{"line":80,"column":null}},"49":{"start":{"line":81,"column":4},"end":{"line":81,"column":null}},"50":{"start":{"line":84,"column":2},"end":{"line":98,"column":null}}},"fnMap":{"0":{"name":"(anonymous_0)","decl":{"start":{"line":7,"column":21},"end":{"line":7,"column":22}},"loc":{"start":{"line":7,"column":39},"end":{"line":100,"column":null}},"line":7},"1":{"name":"(anonymous_1)","decl":{"start":{"line":14,"column":25},"end":{"line":14,"column":32}},"loc":{"start":{"line":14,"column":48},"end":{"line":32,"column":null}},"line":14},"2":{"name":"(anonymous_2)","decl":{"start":{"line":34,"column":22},"end":{"line":34,"column":29}},"loc":{"start":{"line":34,"column":45},"end":{"line":55,"column":null}},"line":34},"3":{"name":"(anonymous_3)","decl":{"start":{"line":57,"column":23},"end":{"line":57,"column":29}},"loc":{"start":{"line":57,"column":29},"end":{"line":61,"column":null}},"line":57},"4":{"name":"(anonymous_4)","decl":{"start":{"line":63,"column":26},"end":{"line":63,"column":38}},"loc":{"start":{"line":63,"column":38},"end":{"line":82,"column":null}},"line":63}},"branchMap":{"0":{"loc":{"start":{"line":19,"column":4},"end":{"line":22,"column":null}},"type":"if","locations":[{"start":{"line":19,"column":4},"end":{"line":22,"column":null}},{"start":{},"end":{}}],"line":19},"1":{"loc":{"start":{"line":39,"column":4},"end":{"line":42,"column":null}},"type":"if","locations":[{"start":{"line":39,"column":4},"end":{"line":42,"column":null}},{"start":{},"end":{}}],"line":39},"2":{"loc":{"start":{"line":65,"column":4},"end":{"line":68,"column":null}},"type":"if","locations":[{"start":{"line":65,"column":4},"end":{"line":68,"column":null}},{"start":{},"end":{}}],"line":65},"3":{"loc":{"start":{"line":70,"column":4},"end":{"line":74,"column":null}},"type":"if","locations":[{"start":{"line":70,"column":4},"end":{"line":74,"column":null}},{"start":{},"end":{}}],"line":70}},"s":{"0":1,"1":1,"2":10,"3":10,"4":10,"5":10,"6":10,"7":10,"8":0,"9":0,"10":0,"11":0,"12":0,"13":0,"14":0,"15":0,"16":0,"17":0,"18":0,"19":0,"20":10,"21":1,"22":1,"23":1,"24":1,"25":1,"26":0,"27":0,"28":1,"29":1,"30":1,"31":1,"32":1,"33":10,"34":1,"35":1,"36":1,"37":10,"38":2,"39":2,"40":0,"41":0,"42":2,"43":2,"44":1,"45":1,"46":1,"47":1,"48":1,"49":1,"50":10},"f":{"0":10,"1":0,"2":1,"3":1,"4":2},"b":{"0":[0,0],"1":[0,1],"2":[0,2],"3":[1,1]},"meta":{"lastBranch":4,"lastFunction":5,"lastStatement":51,"seen":{"s:5:6:5:Infinity":0,"s:7:21:100:Infinity":1,"f:7:21:7:22":0,"s:8:22:8:Infinity":2,"s:9:32:9:Infinity":3,"s:10:24:10:Infinity":4,"s:11:8:11:Infinity":5,"s:12:8:12:Infinity":6,"s:14:25:32:Infinity":7,"f:14:25:14:32":1,"s:15:4:15:Infinity":8,"s:16:4:16:Infinity":9,"s:17:21:17:Infinity":10,"s:18:4:18:Infinity":11,"b:19:4:22:Infinity:undefined:undefined:undefined:undefined":0,"s:19:4:22:Infinity":12,"s:20:6:20:Infinity":13,"s:21:6:21:Infinity":14,"s:23:17:23:Infinity":15,"s:24:4:28:Infinity":16,"s:29:4:29:Infinity":17,"s:30:4:30:Infinity":18,"s:31:4:31:Infinity":19,"s:34:22:55:Infinity":20,"f:34:22:34:29":2,"s:35:4:35:Infinity":21,"s:36:4:36:Infinity":22,"s:37:21:37:Infinity":23,"s:38:4:38:Infinity":24,"b:39:4:42:Infinity:undefined:undefined:undefined:undefined":1,"s:39:4:42:Infinity":25,"s:40:6:40:Infinity":26,"s:41:6:41:Infinity":27,"s:44:17:44:Infinity":28,"s:46:4:50:Infinity":29,"s:51:4:51:Infinity":30,"s:53:4:53:Infinity":31,"s:54:4:54:Infinity":32,"s:57:23:61:Infinity":33,"f:57:23:57:29":3,"s:58:4:58:Infinity":34,"s:59:4:59:Infinity":35,"s:60:4:60:Infinity":36,"s:63:26:82:Infinity":37,"f:63:26:63:38":4,"s:64:18:64:Infinity":38,"b:65:4:68:Infinity:undefined:undefined:undefined:undefined":2,"s:65:4:68:Infinity":39,"s:66:6:66:Infinity":40,"s:67:6:67:Infinity":41,"s:69:21:69:Infinity":42,"b:70:4:74:Infinity:undefined:undefined:undefined:undefined":3,"s:70:4:74:Infinity":43,"s:71:6:71:Infinity":44,"s:72:6:72:Infinity":45,"s:73:6:73:Infinity":46,"s:75:17:75:Infinity":47,"s:76:4:80:Infinity":48,"s:81:4:81:Infinity":49,"s:84:2:98:Infinity":50}}}
,"C:\\Users\\blend\\IdeaProjects\\online-flashcards\\frontend\\src\\context\\QuizContext.jsx": {"path":"C:\\Users\\blend\\IdeaProjects\\online-flashcards\\frontend\\src\\context\\QuizContext.jsx","statementMap":{"0":{"start":{"line":3,"column":6},"end":{"line":3,"column":null}},"1":{"start":{"line":5,"column":21},"end":{"line":355,"column":null}},"2":{"start":{"line":6,"column":36},"end":{"line":6,"column":null}},"3":{"start":{"line":7,"column":36},"end":{"line":7,"column":null}},"4":{"start":{"line":8,"column":28},"end":{"line":8,"column":null}},"5":{"start":{"line":9,"column":24},"end":{"line":9,"column":null}},"6":{"start":{"line":12,"column":46},"end":{"line":12,"column":null}},"7":{"start":{"line":13,"column":24},"end":{"line":13,"column":null}},"8":{"start":{"line":14,"column":40},"end":{"line":14,"column":null}},"9":{"start":{"line":15,"column":34},"end":{"line":15,"column":null}},"10":{"start":{"line":17,"column":19},"end":{"line":19,"column":null}},"11":{"start":{"line":25,"column":20},"end":{"line":234,"column":null}},"12":{"start":{"line":26,"column":4},"end":{"line":26,"column":null}},"13":{"start":{"line":27,"column":4},"end":{"line":27,"column":null}},"14":{"start":{"line":28,"column":4},"end":{"line":233,"column":null}},"15":{"start":{"line":30,"column":29},"end":{"line":216,"column":null}},"16":{"start":{"line":218,"column":23},"end":{"line":218,"column":null}},"17":{"start":{"line":218,"column":50},"end":{"line":218,"column":73}},"18":{"start":{"line":220,"column":6},"end":{"line":222,"column":null}},"19":{"start":{"line":221,"column":8},"end":{"line":221,"column":null}},"20":{"start":{"line":224,"column":6},"end":{"line":224,"column":null}},"21":{"start":{"line":225,"column":6},"end":{"line":225,"column":null}},"22":{"start":{"line":226,"column":6},"end":{"line":226,"column":null}},"23":{"start":{"line":228,"column":6},"end":{"line":228,"column":null}},"24":{"start":{"line":229,"column":6},"end":{"line":229,"column":null}},"25":{"start":{"line":230,"column":6},"end":{"line":230,"column":null}},"26":{"start":{"line":232,"column":6},"end":{"line":232,"column":null}},"27":{"start":{"line":241,"column":26},"end":{"line":256,"column":null}},"28":{"start":{"line":242,"column":4},"end":{"line":255,"column":null}},"29":{"start":{"line":244,"column":25},"end":{"line":248,"column":null}},"30":{"start":{"line":250,"column":6},"end":{"line":250,"column":null}},"31":{"start":{"line":250,"column":31},"end":{"line":250,"column":52}},"32":{"start":{"line":251,"column":6},"end":{"line":251,"column":null}},"33":{"start":{"line":253,"column":6},"end":{"line":253,"column":null}},"34":{"start":{"line":254,"column":6},"end":{"line":254,"column":null}},"35":{"start":{"line":262,"column":25},"end":{"line":265,"column":null}},"36":{"start":{"line":263,"column":4},"end":{"line":263,"column":null}},"37":{"start":{"line":263,"column":22},"end":{"line":263,"column":null}},"38":{"start":{"line":264,"column":4},"end":{"line":264,"column":null}},"39":{"start":{"line":271,"column":22},"end":{"line":278,"column":null}},"40":{"start":{"line":272,"column":4},"end":{"line":272,"column":null}},"41":{"start":{"line":272,"column":22},"end":{"line":272,"column":null}},"42":{"start":{"line":273,"column":4},"end":{"line":273,"column":null}},"43":{"start":{"line":273,"column":64},"end":{"line":273,"column":null}},"44":{"start":{"line":274,"column":22},"end":{"line":274,"column":null}},"45":{"start":{"line":275,"column":4},"end":{"line":275,"column":null}},"46":{"start":{"line":276,"column":4},"end":{"line":276,"column":null}},"47":{"start":{"line":277,"column":4},"end":{"line":277,"column":null}},"48":{"start":{"line":280,"column":25},"end":{"line":284,"column":null}},"49":{"start":{"line":281,"column":4},"end":{"line":281,"column":null}},"50":{"start":{"line":281,"column":22},"end":{"line":281,"column":null}},"51":{"start":{"line":282,"column":23},"end":{"line":282,"column":null}},"52":{"start":{"line":283,"column":4},"end":{"line":283,"column":null}},"53":{"start":{"line":290,"column":26},"end":{"line":297,"column":null}},"54":{"start":{"line":291,"column":4},"end":{"line":291,"column":null}},"55":{"start":{"line":291,"column":22},"end":{"line":291,"column":null}},"56":{"start":{"line":292,"column":4},"end":{"line":292,"column":null}},"57":{"start":{"line":292,"column":32},"end":{"line":292,"column":null}},"58":{"start":{"line":293,"column":22},"end":{"line":293,"column":null}},"59":{"start":{"line":294,"column":4},"end":{"line":294,"column":null}},"60":{"start":{"line":295,"column":4},"end":{"line":295,"column":null}},"61":{"start":{"line":296,"column":4},"end":{"line":296,"column":null}},"62":{"start":{"line":299,"column":26},"end":{"line":306,"column":null}},"63":{"start":{"line":300,"column":4},"end":{"line":300,"column":null}},"64":{"start":{"line":300,"column":20},"end":{"line":300,"column":null}},"65":{"start":{"line":301,"column":4},"end":{"line":303,"column":null}},"66":{"start":{"line":302,"column":6},"end":{"line":302,"column":null}},"67":{"start":{"line":302,"column":25},"end":{"line":302,"column":33}},"68":{"start":{"line":304,"column":4},"end":{"line":304,"column":null}},"69":{"start":{"line":304,"column":31},"end":{"line":304,"column":58}},"70":{"start":{"line":305,"column":4},"end":{"line":305,"column":null}},"71":{"start":{"line":311,"column":20},"end":{"line":315,"column":null}},"72":{"start":{"line":312,"column":4},"end":{"line":312,"column":null}},"73":{"start":{"line":313,"column":4},"end":{"line":313,"column":null}},"74":{"start":{"line":314,"column":4},"end":{"line":314,"column":null}},"75":{"start":{"line":320,"column":25},"end":{"line":325,"column":null}},"76":{"start":{"line":321,"column":4},"end":{"line":321,"column":null}},"77":{"start":{"line":322,"column":4},"end":{"line":322,"column":null}},"78":{"start":{"line":323,"column":4},"end":{"line":323,"column":null}},"79":{"start":{"line":324,"column":4},"end":{"line":324,"column":null}},"80":{"start":{"line":327,"column":2},"end":{"line":353,"column":null}}},"fnMap":{"0":{"name":"(anonymous_0)","decl":{"start":{"line":5,"column":21},"end":{"line":5,"column":22}},"loc":{"start":{"line":5,"column":39},"end":{"line":355,"column":null}},"line":5},"1":{"name":"(anonymous_1)","decl":{"start":{"line":25,"column":20},"end":{"line":25,"column":27}},"loc":{"start":{"line":25,"column":38},"end":{"line":234,"column":null}},"line":25},"2":{"name":"(anonymous_2)","decl":{"start":{"line":218,"column":43},"end":{"line":218,"column":44}},"loc":{"start":{"line":218,"column":50},"end":{"line":218,"column":73}},"line":218},"3":{"name":"(anonymous_3)","decl":{"start":{"line":241,"column":26},"end":{"line":241,"column":33}},"loc":{"start":{"line":241,"column":51},"end":{"line":256,"column":null}},"line":241},"4":{"name":"(anonymous_4)","decl":{"start":{"line":250,"column":21},"end":{"line":250,"column":22}},"loc":{"start":{"line":250,"column":31},"end":{"line":250,"column":52}},"line":250},"5":{"name":"(anonymous_5)","decl":{"start":{"line":262,"column":25},"end":{"line":262,"column":31}},"loc":{"start":{"line":262,"column":31},"end":{"line":265,"column":null}},"line":262},"6":{"name":"(anonymous_6)","decl":{"start":{"line":271,"column":22},"end":{"line":271,"column":28}},"loc":{"start":{"line":271,"column":28},"end":{"line":278,"column":null}},"line":271},"7":{"name":"(anonymous_7)","decl":{"start":{"line":280,"column":25},"end":{"line":280,"column":31}},"loc":{"start":{"line":280,"column":31},"end":{"line":284,"column":null}},"line":280},"8":{"name":"(anonymous_8)","decl":{"start":{"line":290,"column":26},"end":{"line":290,"column":32}},"loc":{"start":{"line":290,"column":32},"end":{"line":297,"column":null}},"line":290},"9":{"name":"(anonymous_9)","decl":{"start":{"line":299,"column":26},"end":{"line":299,"column":27}},"loc":{"start":{"line":299,"column":41},"end":{"line":306,"column":null}},"line":299},"10":{"name":"(anonymous_10)","decl":{"start":{"line":302,"column":15},"end":{"line":302,"column":16}},"loc":{"start":{"line":302,"column":25},"end":{"line":302,"column":33}},"line":302},"11":{"name":"(anonymous_11)","decl":{"start":{"line":304,"column":21},"end":{"line":304,"column":22}},"loc":{"start":{"line":304,"column":31},"end":{"line":304,"column":58}},"line":304},"12":{"name":"(anonymous_12)","decl":{"start":{"line":311,"column":20},"end":{"line":311,"column":26}},"loc":{"start":{"line":311,"column":26},"end":{"line":315,"column":null}},"line":311},"13":{"name":"(anonymous_13)","decl":{"start":{"line":320,"column":25},"end":{"line":320,"column":31}},"loc":{"start":{"line":320,"column":31},"end":{"line":325,"column":null}},"line":320}},"branchMap":{"0":{"loc":{"start":{"line":17,"column":19},"end":{"line":19,"column":null}},"type":"cond-expr","locations":[{"start":{"line":18,"column":7},"end":{"line":18,"column":null}},{"start":{"line":19,"column":6},"end":{"line":19,"column":null}}],"line":17},"1":{"loc":{"start":{"line":220,"column":6},"end":{"line":222,"column":null}},"type":"if","locations":[{"start":{"line":220,"column":6},"end":{"line":222,"column":null}},{"start":{},"end":{}}],"line":220},"2":{"loc":{"start":{"line":225,"column":21},"end":{"line":225,"column":43}},"type":"binary-expr","locations":[{"start":{"line":225,"column":21},"end":{"line":225,"column":41}},{"start":{"line":225,"column":41},"end":{"line":225,"column":43}}],"line":225},"3":{"loc":{"start":{"line":263,"column":4},"end":{"line":263,"column":null}},"type":"if","locations":[{"start":{"line":263,"column":4},"end":{"line":263,"column":null}},{"start":{},"end":{}}],"line":263},"4":{"loc":{"start":{"line":272,"column":4},"end":{"line":272,"column":null}},"type":"if","locations":[{"start":{"line":272,"column":4},"end":{"line":272,"column":null}},{"start":{},"end":{}}],"line":272},"5":{"loc":{"start":{"line":273,"column":4},"end":{"line":273,"column":null}},"type":"if","locations":[{"start":{"line":273,"column":4},"end":{"line":273,"column":null}},{"start":{},"end":{}}],"line":273},"6":{"loc":{"start":{"line":281,"column":4},"end":{"line":281,"column":null}},"type":"if","locations":[{"start":{"line":281,"column":4},"end":{"line":281,"column":null}},{"start":{},"end":{}}],"line":281},"7":{"loc":{"start":{"line":291,"column":4},"end":{"line":291,"column":null}},"type":"if","locations":[{"start":{"line":291,"column":4},"end":{"line":291,"column":null}},{"start":{},"end":{}}],"line":291},"8":{"loc":{"start":{"line":292,"column":4},"end":{"line":292,"column":null}},"type":"if","locations":[{"start":{"line":292,"column":4},"end":{"line":292,"column":null}},{"start":{},"end":{}}],"line":292},"9":{"loc":{"start":{"line":300,"column":4},"end":{"line":300,"column":null}},"type":"if","locations":[{"start":{"line":300,"column":4},"end":{"line":300,"column":null}},{"start":{},"end":{}}],"line":300},"10":{"loc":{"start":{"line":301,"column":4},"end":{"line":303,"column":null}},"type":"if","locations":[{"start":{"line":301,"column":4},"end":{"line":303,"column":null}},{"start":{},"end":{}}],"line":301}},"s":{"0":1,"1":1,"2":58,"3":58,"4":58,"5":58,"6":58,"7":58,"8":58,"9":58,"10":58,"11":58,"12":16,"13":16,"14":16,"15":16,"16":16,"17":33,"18":16,"19":1,"20":15,"21":15,"22":16,"23":1,"24":1,"25":1,"26":16,"27":58,"28":1,"29":1,"30":1,"31":1,"32":1,"33":0,"34":0,"35":58,"36":2,"37":1,"38":1,"39":58,"40":12,"41":0,"42":12,"43":1,"44":11,"45":11,"46":11,"47":11,"48":58,"49":0,"50":0,"51":0,"52":0,"53":58,"54":3,"55":0,"56":3,"57":1,"58":2,"59":2,"60":2,"61":2,"62":58,"63":10,"64":1,"65":9,"66":7,"67":7,"68":9,"69":9,"70":9,"71":58,"72":1,"73":1,"74":1,"75":58,"76":1,"77":1,"78":1,"79":1,"80":58},"f":{"0":58,"1":16,"2":33,"3":1,"4":1,"5":2,"6":12,"7":0,"8":3,"9":10,"10":7,"11":9,"12":1,"13":1},"b":{"0":[37,21],"1":[1,15],"2":[15,0],"3":[1,1],"4":[0,12],"5":[1,11],"6":[0,0],"7":[0,3],"8":[1,2],"9":[1,9],"10":[7,2]},"meta":{"lastBranch":11,"lastFunction":14,"lastStatement":81,"seen":{"s:3:6:3:Infinity":0,"s:5:21:355:Infinity":1,"f:5:21:5:22":0,"s:6:36:6:Infinity":2,"s:7:36:7:Infinity":3,"s:8:28:8:Infinity":4,"s:9:24:9:Infinity":5,"s:12:46:12:Infinity":6,"s:13:24:13:Infinity":7,"s:14:40:14:Infinity":8,"s:15:34:15:Infinity":9,"s:17:19:19:Infinity":10,"b:18:7:18:Infinity:19:6:19:Infinity":0,"s:25:20:234:Infinity":11,"f:25:20:25:27":1,"s:26:4:26:Infinity":12,"s:27:4:27:Infinity":13,"s:28:4:233:Infinity":14,"s:30:29:216:Infinity":15,"s:218:23:218:Infinity":16,"f:218:43:218:44":2,"s:218:50:218:73":17,"b:220:6:222:Infinity:undefined:undefined:undefined:undefined":1,"s:220:6:222:Infinity":18,"s:221:8:221:Infinity":19,"s:224:6:224:Infinity":20,"s:225:6:225:Infinity":21,"b:225:21:225:41:225:41:225:43":2,"s:226:6:226:Infinity":22,"s:228:6:228:Infinity":23,"s:229:6:229:Infinity":24,"s:230:6:230:Infinity":25,"s:232:6:232:Infinity":26,"s:241:26:256:Infinity":27,"f:241:26:241:33":3,"s:242:4:255:Infinity":28,"s:244:25:248:Infinity":29,"s:250:6:250:Infinity":30,"f:250:21:250:22":4,"s:250:31:250:52":31,"s:251:6:251:Infinity":32,"s:253:6:253:Infinity":33,"s:254:6:254:Infinity":34,"s:262:25:265:Infinity":35,"f:262:25:262:31":5,"b:263:4:263:Infinity:undefined:undefined:undefined:undefined":3,"s:263:4:263:Infinity":36,"s:263:22:263:Infinity":37,"s:264:4:264:Infinity":38,"s:271:22:278:Infinity":39,"f:271:22:271:28":6,"b:272:4:272:Infinity:undefined:undefined:undefined:undefined":4,"s:272:4:272:Infinity":40,"s:272:22:272:Infinity":41,"b:273:4:273:Infinity:undefined:undefined:undefined:undefined":5,"s:273:4:273:Infinity":42,"s:273:64:273:Infinity":43,"s:274:22:274:Infinity":44,"s:275:4:275:Infinity":45,"s:276:4:276:Infinity":46,"s:277:4:277:Infinity":47,"s:280:25:284:Infinity":48,"f:280:25:280:31":7,"b:281:4:281:Infinity:undefined:undefined:undefined:undefined":6,"s:281:4:281:Infinity":49,"s:281:22:281:Infinity":50,"s:282:23:282:Infinity":51,"s:283:4:283:Infinity":52,"s:290:26:297:Infinity":53,"f:290:26:290:32":8,"b:291:4:291:Infinity:undefined:undefined:undefined:undefined":7,"s:291:4:291:Infinity":54,"s:291:22:291:Infinity":55,"b:292:4:292:Infinity:undefined:undefined:undefined:undefined":8,"s:292:4:292:Infinity":56,"s:292:32:292:Infinity":57,"s:293:22:293:Infinity":58,"s:294:4:294:Infinity":59,"s:295:4:295:Infinity":60,"s:296:4:296:Infinity":61,"s:299:26:306:Infinity":62,"f:299:26:299:27":9,"b:300:4:300:Infinity:undefined:undefined:undefined:undefined":9,"s:300:4:300:Infinity":63,"s:300:20:300:Infinity":64,"b:301:4:303:Infinity:undefined:undefined:undefined:undefined":10,"s:301:4:303:Infinity":65,"s:302:6:302:Infinity":66,"f:302:15:302:16":10,"s:302:25:302:33":67,"s:304:4:304:Infinity":68,"f:304:21:304:22":11,"s:304:31:304:58":69,"s:305:4:305:Infinity":70,"s:311:20:315:Infinity":71,"f:311:20:311:26":12,"s:312:4:312:Infinity":72,"s:313:4:313:Infinity":73,"s:314:4:314:Infinity":74,"s:320:25:325:Infinity":75,"f:320:25:320:31":13,"s:321:4:321:Infinity":76,"s:322:4:322:Infinity":77,"s:323:4:323:Infinity":78,"s:324:4:324:Infinity":79,"s:327:2:353:Infinity":80}}}
,"C:\\Users\\blend\\IdeaProjects\\online-flashcards\\frontend\\src\\hooks\\useAuth.js": {"path":"C:\\Users\\blend\\IdeaProjects\\online-flashcards\\frontend\\src\\hooks\\useAuth.js","statementMap":{"0":{"start":{"line":4,"column":16},"end":{"line":10,"column":1}},"1":{"start":{"line":5,"column":17},"end":{"line":5,"column":41}},"2":{"start":{"line":6,"column":2},"end":{"line":8,"column":3}},"3":{"start":{"line":7,"column":4},"end":{"line":7,"column":67}},"4":{"start":{"line":9,"column":2},"end":{"line":9,"column":17}}},"fnMap":{"0":{"name":"(anonymous_0)","decl":{"start":{"line":4,"column":16},"end":{"line":4,"column":17}},"loc":{"start":{"line":4,"column":22},"end":{"line":10,"column":1}},"line":4}},"branchMap":{"0":{"loc":{"start":{"line":6,"column":2},"end":{"line":8,"column":3}},"type":"if","locations":[{"start":{"line":6,"column":2},"end":{"line":8,"column":3}},{"start":{},"end":{}}],"line":6}},"s":{"0":0,"1":0,"2":0,"3":0,"4":0},"f":{"0":0},"b":{"0":[0,0]},"meta":{"lastBranch":1,"lastFunction":1,"lastStatement":5,"seen":{"s:4:16:10:1":0,"f:4:16:4:17":0,"s:5:17:5:41":1,"b:6:2:8:3:undefined:undefined:undefined:undefined":0,"s:6:2:8:3":2,"s:7:4:7:67":3,"s:9:2:9:17":4}}}
,"C:\\Users\\blend\\IdeaProjects\\online-flashcards\\frontend\\src\\hooks\\useMyQuizzes.js": {"path":"C:\\Users\\blend\\IdeaProjects\\online-flashcards\\frontend\\src\\hooks\\useMyQuizzes.js","statementMap":{"0":{"start":{"line":4,"column":26},"end":{"line":17,"column":1}},"1":{"start":{"line":20,"column":31},"end":{"line":20,"column":44}},"2":{"start":{"line":21,"column":35},"end":{"line":21,"column":50}},"3":{"start":{"line":22,"column":27},"end":{"line":22,"column":42}},"4":{"start":{"line":23,"column":18},"end":{"line":23,"column":28}},"5":{"start":{"line":25,"column":1},"end":{"line":40,"column":9}},"6":{"start":{"line":26,"column":25},"end":{"line":37,"column":5}},"7":{"start":{"line":27,"column":6},"end":{"line":27,"column":25}},"8":{"start":{"line":28,"column":6},"end":{"line":36,"column":7}},"9":{"start":{"line":29,"column":8},"end":{"line":32,"column":16}},"10":{"start":{"line":30,"column":10},"end":{"line":30,"column":40}},"11":{"start":{"line":31,"column":10},"end":{"line":31,"column":30}},"12":{"start":{"line":34,"column":8},"end":{"line":34,"column":22}},"13":{"start":{"line":35,"column":8},"end":{"line":35,"column":28}},"14":{"start":{"line":39,"column":4},"end":{"line":39,"column":19}},"15":{"start":{"line":42,"column":27},"end":{"line":52,"column":3}},"16":{"start":{"line":43,"column":4},"end":{"line":43,"column":23}},"17":{"start":{"line":44,"column":17},"end":{"line":49,"column":5}},"18":{"start":{"line":54,"column":27},"end":{"line":64,"column":3}},"19":{"start":{"line":55,"column":4},"end":{"line":55,"column":23}},"20":{"start":{"line":56,"column":17},"end":{"line":61,"column":5}},"21":{"start":{"line":66,"column":2},"end":{"line":72,"column":4}}},"fnMap":{"0":{"name":"useMyQuizzes","decl":{"start":{"line":19,"column":16},"end":{"line":19,"column":28}},"loc":{"start":{"line":19,"column":31},"end":{"line":73,"column":1}},"line":19},"1":{"name":"(anonymous_1)","decl":{"start":{"line":25,"column":12},"end":{"line":25,"column":13}},"loc":{"start":{"line":25,"column":18},"end":{"line":40,"column":3}},"line":25},"2":{"name":"(anonymous_2)","decl":{"start":{"line":26,"column":25},"end":{"line":26,"column":30}},"loc":{"start":{"line":26,"column":37},"end":{"line":37,"column":5}},"line":26},"3":{"name":"(anonymous_3)","decl":{"start":{"line":29,"column":19},"end":{"line":29,"column":20}},"loc":{"start":{"line":29,"column":25},"end":{"line":32,"column":9}},"line":29},"4":{"name":"(anonymous_4)","decl":{"start":{"line":42,"column":27},"end":{"line":42,"column":32}},"loc":{"start":{"line":42,"column":47},"end":{"line":52,"column":3}},"line":42},"5":{"name":"(anonymous_5)","decl":{"start":{"line":54,"column":27},"end":{"line":54,"column":32}},"loc":{"start":{"line":54,"column":51},"end":{"line":64,"column":3}},"line":54}},"branchMap":{},"s":{"0":0,"1":0,"2":0,"3":0,"4":0,"5":0,"6":0,"7":0,"8":0,"9":0,"10":0,"11":0,"12":0,"13":0,"14":0,"15":0,"16":0,"17":0,"18":0,"19":0,"20":0,"21":0},"f":{"0":0,"1":0,"2":0,"3":0,"4":0,"5":0},"b":{},"meta":{"lastBranch":0,"lastFunction":6,"lastStatement":22,"seen":{"s:4:26:17:1":0,"f:19:16:19:28":0,"s:20:31:20:44":1,"s:21:35:21:50":2,"s:22:27:22:42":3,"s:23:18:23:28":4,"s:25:1:40:9":5,"f:25:12:25:13":1,"s:26:25:37:5":6,"f:26:25:26:30":2,"s:27:6:27:25":7,"s:28:6:36:7":8,"s:29:8:32:16":9,"f:29:19:29:20":3,"s:30:10:30:40":10,"s:31:10:31:30":11,"s:34:8:34:22":12,"s:35:8:35:28":13,"s:39:4:39:19":14,"s:42:27:52:3":15,"f:42:27:42:32":4,"s:43:4:43:23":16,"s:44:17:49:5":17,"s:54:27:64:3":18,"f:54:27:54:32":5,"s:55:4:55:23":19,"s:56:17:61:5":20,"s:66:2:72:4":21}}}
,"C:\\Users\\blend\\IdeaProjects\\online-flashcards\\frontend\\src\\hooks\\useQuizContext.js": {"path":"C:\\Users\\blend\\IdeaProjects\\online-flashcards\\frontend\\src\\hooks\\useQuizContext.js","statementMap":{"0":{"start":{"line":7,"column":30},"end":{"line":15,"column":1}},"1":{"start":{"line":8,"column":17},"end":{"line":8,"column":41}},"2":{"start":{"line":10,"column":2},"end":{"line":12,"column":3}},"3":{"start":{"line":11,"column":4},"end":{"line":11,"column":73}},"4":{"start":{"line":14,"column":2},"end":{"line":14,"column":17}}},"fnMap":{"0":{"name":"(anonymous_0)","decl":{"start":{"line":7,"column":30},"end":{"line":7,"column":31}},"loc":{"start":{"line":7,"column":36},"end":{"line":15,"column":1}},"line":7}},"branchMap":{"0":{"loc":{"start":{"line":10,"column":2},"end":{"line":12,"column":3}},"type":"if","locations":[{"start":{"line":10,"column":2},"end":{"line":12,"column":3}},{"start":{},"end":{}}],"line":10}},"s":{"0":0,"1":0,"2":0,"3":0,"4":0},"f":{"0":0},"b":{"0":[0,0]},"meta":{"lastBranch":1,"lastFunction":1,"lastStatement":5,"seen":{"s:7:30:15:1":0,"f:7:30:7:31":0,"s:8:17:8:41":1,"b:10:2:12:3:undefined:undefined:undefined:undefined":0,"s:10:2:12:3":2,"s:11:4:11:73":3,"s:14:2:14:17":4}}}
,"C:\\Users\\blend\\IdeaProjects\\online-flashcards\\frontend\\src\\hooks\\useQuizSearch.js": {"path":"C:\\Users\\blend\\IdeaProjects\\online-flashcards\\frontend\\src\\hooks\\useQuizSearch.js","statementMap":{"0":{"start":{"line":4,"column":23},"end":{"line":50,"column":1}},"1":{"start":{"line":53,"column":22},"end":{"line":53,"column":49}},"2":{"start":{"line":54,"column":26},"end":{"line":54,"column":57}},"3":{"start":{"line":55,"column":31},"end":{"line":55,"column":56}},"4":{"start":{"line":56,"column":35},"end":{"line":56,"column":51}},"5":{"start":{"line":58,"column":25},"end":{"line":64,"column":3}},"6":{"start":{"line":59,"column":4},"end":{"line":63,"column":5}},"7":{"start":{"line":60,"column":6},"end":{"line":60,"column":36}},"8":{"start":{"line":62,"column":6},"end":{"line":62,"column":26}},"9":{"start":{"line":67,"column":1},"end":{"line":81,"column":23}},"10":{"start":{"line":69,"column":4},"end":{"line":80,"column":5}},"11":{"start":{"line":70,"column":6},"end":{"line":70,"column":33}},"12":{"start":{"line":72,"column":20},"end":{"line":72,"column":48}},"13":{"start":{"line":73,"column":6},"end":{"line":79,"column":8}},"14":{"start":{"line":76,"column":12},"end":{"line":77,"column":58}},"15":{"start":{"line":83,"column":2},"end":{"line":88,"column":4}}},"fnMap":{"0":{"name":"useQuizSearch","decl":{"start":{"line":52,"column":16},"end":{"line":52,"column":29}},"loc":{"start":{"line":52,"column":61},"end":{"line":89,"column":1}},"line":52},"1":{"name":"(anonymous_1)","decl":{"start":{"line":58,"column":25},"end":{"line":58,"column":26}},"loc":{"start":{"line":58,"column":36},"end":{"line":64,"column":3}},"line":58},"2":{"name":"(anonymous_2)","decl":{"start":{"line":67,"column":12},"end":{"line":67,"column":13}},"loc":{"start":{"line":67,"column":18},"end":{"line":81,"column":3}},"line":67},"3":{"name":"(anonymous_3)","decl":{"start":{"line":75,"column":10},"end":{"line":75,"column":11}},"loc":{"start":{"line":76,"column":12},"end":{"line":77,"column":58}},"line":76}},"branchMap":{"0":{"loc":{"start":{"line":53,"column":22},"end":{"line":53,"column":49}},"type":"binary-expr","locations":[{"start":{"line":53,"column":22},"end":{"line":53,"column":43}},{"start":{"line":53,"column":47},"end":{"line":53,"column":49}}],"line":53},"1":{"loc":{"start":{"line":59,"column":4},"end":{"line":63,"column":5}},"type":"if","locations":[{"start":{"line":59,"column":4},"end":{"line":63,"column":5}},{"start":{"line":61,"column":11},"end":{"line":63,"column":5}}],"line":59},"2":{"loc":{"start":{"line":69,"column":4},"end":{"line":80,"column":5}},"type":"if","locations":[{"start":{"line":69,"column":4},"end":{"line":80,"column":5}},{"start":{"line":71,"column":11},"end":{"line":80,"column":5}}],"line":69},"3":{"loc":{"start":{"line":76,"column":12},"end":{"line":77,"column":58}},"type":"binary-expr","locations":[{"start":{"line":76,"column":12},"end":{"line":76,"column":52}},{"start":{"line":77,"column":12},"end":{"line":77,"column":58}}],"line":76}},"s":{"0":0,"1":0,"2":0,"3":0,"4":0,"5":0,"6":0,"7":0,"8":0,"9":0,"10":0,"11":0,"12":0,"13":0,"14":0,"15":0},"f":{"0":0,"1":0,"2":0,"3":0},"b":{"0":[0,0],"1":[0,0],"2":[0,0],"3":[0,0]},"meta":{"lastBranch":4,"lastFunction":4,"lastStatement":16,"seen":{"s:4:23:50:1":0,"f:52:16:52:29":0,"s:53:22:53:49":1,"b:53:22:53:43:53:47:53:49":0,"s:54:26:54:57":2,"s:55:31:55:56":3,"s:56:35:56:51":4,"s:58:25:64:3":5,"f:58:25:58:26":1,"b:59:4:63:5:61:11:63:5":1,"s:59:4:63:5":6,"s:60:6:60:36":7,"s:62:6:62:26":8,"s:67:1:81:23":9,"f:67:12:67:13":2,"b:69:4:80:5:71:11:80:5":2,"s:69:4:80:5":10,"s:70:6:70:33":11,"s:72:20:72:48":12,"s:73:6:79:8":13,"f:75:10:75:11":3,"s:76:12:77:58":14,"b:76:12:76:52:77:12:77:58":3,"s:83:2:88:4":15}}}
,"C:\\Users\\blend\\IdeaProjects\\online-flashcards\\frontend\\src\\lib\\authSchemas.js": {"path":"C:\\Users\\blend\\IdeaProjects\\online-flashcards\\frontend\\src\\lib\\authSchemas.js","statementMap":{"0":{"start":{"line":3,"column":27},"end":{"line":6,"column":2}},"1":{"start":{"line":8,"column":30},"end":{"line":18,"column":4}},"2":{"start":{"line":15,"column":19},"end":{"line":15,"column":54}}},"fnMap":{"0":{"name":"(anonymous_0)","decl":{"start":{"line":15,"column":10},"end":{"line":15,"column":11}},"loc":{"start":{"line":15,"column":19},"end":{"line":15,"column":54}},"line":15}},"branchMap":{},"s":{"0":0,"1":0,"2":0},"f":{"0":0},"b":{},"meta":{"lastBranch":0,"lastFunction":1,"lastStatement":3,"seen":{"s:3:27:6:2":0,"s:8:30:18:4":1,"f:15:10:15:11":0,"s:15:19:15:54":2}}}
,"C:\\Users\\blend\\IdeaProjects\\online-flashcards\\frontend\\src\\lib\\fetchData.js": {"path":"C:\\Users\\blend\\IdeaProjects\\online-flashcards\\frontend\\src\\lib\\fetchData.js","statementMap":{"0":{"start":{"line":2,"column":17},"end":{"line":2,"column":26}},"1":{"start":{"line":11,"column":2},"end":{"line":32,"column":3}},"2":{"start":{"line":12,"column":16},"end":{"line":12,"column":41}},"3":{"start":{"line":13,"column":21},"end":{"line":19,"column":6}},"4":{"start":{"line":20,"column":17},"end":{"line":20,"column":38}},"5":{"start":{"line":21,"column":4},"end":{"line":27,"column":5}},"6":{"start":{"line":22,"column":6},"end":{"line":26,"column":8}},"7":{"start":{"line":28,"column":4},"end":{"line":28,"column":35}},"8":{"start":{"line":30,"column":4},"end":{"line":30,"column":50}},"9":{"start":{"line":31,"column":4},"end":{"line":31,"column":52}}},"fnMap":{"0":{"name":"fetchData","decl":{"start":{"line":10,"column":22},"end":{"line":10,"column":31}},"loc":{"start":{"line":10,"column":56},"end":{"line":33,"column":1}},"line":10}},"branchMap":{"0":{"loc":{"start":{"line":10,"column":42},"end":{"line":10,"column":54}},"type":"default-arg","locations":[{"start":{"line":10,"column":52},"end":{"line":10,"column":54}}],"line":10},"1":{"loc":{"start":{"line":21,"column":4},"end":{"line":27,"column":5}},"type":"if","locations":[{"start":{"line":21,"column":4},"end":{"line":27,"column":5}},{"start":{},"end":{}}],"line":21},"2":{"loc":{"start":{"line":21,"column":8},"end":{"line":21,"column":37}},"type":"binary-expr","locations":[{"start":{"line":21,"column":8},"end":{"line":21,"column":20}},{"start":{"line":21,"column":24},"end":{"line":21,"column":37}}],"line":21},"3":{"loc":{"start":{"line":24,"column":15},"end":{"line":24,"column":54}},"type":"binary-expr","locations":[{"start":{"line":24,"column":15},"end":{"line":24,"column":34}},{"start":{"line":24,"column":38},"end":{"line":24,"column":54}}],"line":24}},"s":{"0":1,"1":5,"2":5,"3":5,"4":4,"5":4,"6":2,"7":2,"8":1,"9":1},"f":{"0":5},"b":{"0":[5],"1":[2,2],"2":[4,2],"3":[2,0]},"meta":{"lastBranch":4,"lastFunction":1,"lastStatement":10,"seen":{"s:2:17:2:26":0,"f:10:22:10:31":0,"b:10:52:10:54":0,"s:11:2:32:3":1,"s:12:16:12:41":2,"s:13:21:19:6":3,"s:20:17:20:38":4,"b:21:4:27:5:undefined:undefined:undefined:undefined":1,"s:21:4:27:5":5,"b:21:8:21:20:21:24:21:37":2,"s:22:6:26:8":6,"b:24:15:24:34:24:38:24:54":3,"s:28:4:28:35":7,"s:30:4:30:50":8,"s:31:4:31:52":9}}}
,"C:\\Users\\blend\\IdeaProjects\\online-flashcards\\frontend\\src\\lib\\schemas.js": {"path":"C:\\Users\\blend\\IdeaProjects\\online-flashcards\\frontend\\src\\lib\\schemas.js","statementMap":{"0":{"start":{"line":3,"column":26},"end":{"line":12,"column":2}}},"fnMap":{},"branchMap":{},"s":{"0":0},"f":{},"b":{},"meta":{"lastBranch":0,"lastFunction":0,"lastStatement":1,"seen":{"s:3:26:12:2":0}}}
,"C:\\Users\\blend\\IdeaProjects\\online-flashcards\\frontend\\src\\lib\\utils.js": {"path":"C:\\Users\\blend\\IdeaProjects\\online-flashcards\\frontend\\src\\lib\\utils.js","statementMap":{"0":{"start":{"line":5,"column":2},"end":{"line":5,"column":31}}},"fnMap":{"0":{"name":"cn","decl":{"start":{"line":4,"column":16},"end":{"line":4,"column":18}},"loc":{"start":{"line":4,"column":30},"end":{"line":6,"column":1}},"line":4}},"branchMap":{},"s":{"0":0},"f":{"0":0},"b":{},"meta":{"lastBranch":0,"lastFunction":1,"lastStatement":1,"seen":{"f:4:16:4:18":0,"s:5:2:5:31":0}}}
}
